android/app/build/intermediates/manifest_merge_blame_file/release/manifest-merger-blame-release-report.txt
1<?xml version="1.0" encoding="utf-8"?>
2<manifest xmlns:android="http://schemas.android.com/apk/res/android"
3    package="com.farmer.farmfit"
4    android:versionCode="1"
5    android:versionName="1.0.0" >
6
7    <uses-sdk
8        android:minSdkVersion="21"
8-->src\main\AndroidManifest.xml
9        android:targetSdkVersion="33" />
9-->src\main\AndroidManifest.xml
10
11    <uses-permission android:name="android.permission.INTERNET" />
11-->src\main\AndroidManifest.xml:4:3-65
11-->src\main\AndroidManifest.xml:4:20-62
12    <!-- Define ACCESS_FINE_LOCATION if you will use enableHighAccuracy=true -->
13    <uses-permission android:name="android.permission.ACCESS_FINE_LOCATION" />
13-->src\main\AndroidManifest.xml:6:3-77
13-->src\main\AndroidManifest.xml:6:20-74
14    <!-- Define ACCESS_COARSE_LOCATION if you will use enableHighAccuracy=false -->
15    <uses-permission android:name="android.permission.ACCESS_COARSE_LOCATION" />
15-->src\main\AndroidManifest.xml:8:3-79
15-->src\main\AndroidManifest.xml:8:20-76
16    <uses-permission android:name="android.permission.RECEIVE_BOOT_COMPLETED" />
16-->src\main\AndroidManifest.xml:9:3-79
16-->src\main\AndroidManifest.xml:9:20-76
17    <uses-permission android:name="android.permission.VIBRATE" />
17-->src\main\AndroidManifest.xml:10:3-64
17-->src\main\AndroidManifest.xml:10:20-61
18    <uses-permission android:name="android.permission.CAMERA" />
18-->src\main\AndroidManifest.xml:11:3-62
18-->src\main\AndroidManifest.xml:11:20-60
19    <uses-permission android:name="android.permission.WRITE_EXTERNAL_STORAGE" />
19-->src\main\AndroidManifest.xml:12:3-79
19-->src\main\AndroidManifest.xml:12:20-76
20    <uses-permission android:name="android.permission.READ_EXTERNAL_STORAGE" />
20-->src\main\AndroidManifest.xml:13:3-78
20-->src\main\AndroidManifest.xml:13:20-75
21
22    <uses-feature android:name="android.hardware.camera" />
22-->src\main\AndroidManifest.xml:14:3-58
22-->src\main\AndroidManifest.xml:14:17-55
23
24    <queries>
24-->src\main\AndroidManifest.xml:51:3-57:13
25        <intent>
25-->src\main\AndroidManifest.xml:52:5-56:14
26            <action android:name="android.intent.action.VIEW" />
26-->src\main\AndroidManifest.xml:38:9-61
26-->src\main\AndroidManifest.xml:38:17-58
27            <!-- If you don't know the MIME type in advance, set "mimeType" to "*/*". -->
28            <data android:mimeType="*/*" />
28-->src\main\AndroidManifest.xml:41:9-70
28-->src\main\AndroidManifest.xml:55:13-35
29        </intent>
30    </queries>
31
32    <uses-permission android:name="android.permission.WAKE_LOCK" />
32-->[:react-native-firebase_messaging] AndroidManifest.xml:10:5-68
32-->[:react-native-firebase_messaging] AndroidManifest.xml:10:22-65
33    <uses-permission android:name="android.permission.ACCESS_NETWORK_STATE" />
33-->[:react-native-firebase_messaging] AndroidManifest.xml:11:5-79
33-->[:react-native-firebase_messaging] AndroidManifest.xml:11:22-76
34    <uses-permission android:name="android.permission.POST_NOTIFICATIONS" /> <!-- Required by older versions of Google Play services to create IID tokens -->
34-->[com.google.firebase:firebase-messaging:23.3.0] AndroidManifest.xml:23:5-77
34-->[com.google.firebase:firebase-messaging:23.3.0] AndroidManifest.xml:23:22-74
35    <uses-permission android:name="com.google.android.c2dm.permission.RECEIVE" />
35-->[com.google.firebase:firebase-messaging:23.3.0] AndroidManifest.xml:26:5-82
35-->[com.google.firebase:firebase-messaging:23.3.0] AndroidManifest.xml:26:22-79
36    <uses-permission android:name="android.permission.FOREGROUND_SERVICE" />
36-->[androidx.work:work-runtime:2.7.1] AndroidManifest.xml:28:5-77
36-->[androidx.work:work-runtime:2.7.1] AndroidManifest.xml:28:22-74
37    <uses-permission android:name="com.google.android.gms.permission.AD_ID" />
37-->[com.google.android.gms:play-services-measurement-api:21.4.0] AndroidManifest.xml:25:5-79
37-->[com.google.android.gms:play-services-measurement-api:21.4.0] AndroidManifest.xml:25:22-76
38    <uses-permission android:name="com.google.android.finsky.permission.BIND_GET_INSTALL_REFERRER_SERVICE" />
38-->[com.google.android.gms:play-services-measurement:21.4.0] AndroidManifest.xml:26:5-110
38-->[com.google.android.gms:play-services-measurement:21.4.0] AndroidManifest.xml:26:22-107
39
40    <application
40-->src\main\AndroidManifest.xml:16:3-50:17
41        android:name="com.farmer.farmfit.MainApplication"
41-->src\main\AndroidManifest.xml:17:5-36
42        android:allowBackup="false"
42-->src\main\AndroidManifest.xml:21:5-32
43        android:appComponentFactory="androidx.core.app.CoreComponentFactory"
43-->[androidx.core:core:1.8.0] AndroidManifest.xml:24:18-86
44        android:icon="@mipmap/ic_launcher"
44-->src\main\AndroidManifest.xml:19:5-39
45        android:label="@string/app_name"
45-->src\main\AndroidManifest.xml:18:5-37
46        android:requestLegacyExternalStorage="true"
46-->src\main\AndroidManifest.xml:24:5-48
47        android:roundIcon="@mipmap/ic_launcher_round"
47-->src\main\AndroidManifest.xml:20:5-50
48        android:theme="@style/AppTheme"
48-->src\main\AndroidManifest.xml:22:5-36
49        android:usesCleartextTraffic="true" >
49-->src\main\AndroidManifest.xml:23:5-40
50        <activity
50-->src\main\AndroidManifest.xml:26:5-43:16
51            android:name="com.farmer.farmfit.MainActivity"
51-->src\main\AndroidManifest.xml:27:7-35
52            android:configChanges="keyboard|keyboardHidden|orientation|screenLayout|screenSize|smallestScreenSize|uiMode"
52-->src\main\AndroidManifest.xml:29:7-116
53            android:exported="true"
53-->src\main\AndroidManifest.xml:32:7-30
54            android:label="@string/app_name"
54-->src\main\AndroidManifest.xml:28:7-39
55            android:launchMode="singleTop"
55-->src\main\AndroidManifest.xml:30:7-37
56            android:windowSoftInputMode="adjustResize" >
56-->src\main\AndroidManifest.xml:31:7-49
57            <intent-filter>
57-->src\main\AndroidManifest.xml:33:7-36:23
58                <action android:name="android.intent.action.MAIN" />
58-->src\main\AndroidManifest.xml:34:9-61
58-->src\main\AndroidManifest.xml:34:17-58
59
60                <category android:name="android.intent.category.LAUNCHER" />
60-->src\main\AndroidManifest.xml:35:9-69
60-->src\main\AndroidManifest.xml:35:19-66
61            </intent-filter>
62            <intent-filter android:label="@string/app_name" >
62-->src\main\AndroidManifest.xml:37:7-42:21
62-->src\main\AndroidManifest.xml:37:23-55
63                <action android:name="android.intent.action.VIEW" />
63-->src\main\AndroidManifest.xml:38:9-61
63-->src\main\AndroidManifest.xml:38:17-58
64
65                <category android:name="android.intent.category.DEFAULT" />
65-->src\main\AndroidManifest.xml:39:9-68
65-->src\main\AndroidManifest.xml:39:19-65
66                <category android:name="android.intent.category.BROWSABLE" />
66-->src\main\AndroidManifest.xml:40:9-70
66-->src\main\AndroidManifest.xml:40:19-67
67
68                <data
68-->src\main\AndroidManifest.xml:41:9-70
69                    android:host="www.cropfit.org"
69-->src\main\AndroidManifest.xml:41:38-68
70                    android:scheme="https" />
70-->src\main\AndroidManifest.xml:41:15-37
71            </intent-filter>
72        </activity>
73        <!-- <meta-data -->
74        <!-- android:name="com.google.firebase.messaging.default_notification_icon" -->
75        <!-- android:resource="@drawable/ic_stat_ic_notification" /> -->
76        <!-- <meta-data -->
77        <!-- android:name="com.google.firebase.messaging.default_notification_color" -->
78        <!-- android:resource="@color/colorAccent" /> -->
79        <service
79-->[:react-native-firebase_messaging] AndroidManifest.xml:14:9-16:40
80            android:name="io.invertase.firebase.messaging.ReactNativeFirebaseMessagingHeadlessService"
80-->[:react-native-firebase_messaging] AndroidManifest.xml:15:13-103
81            android:exported="false" />
81-->[:react-native-firebase_messaging] AndroidManifest.xml:16:13-37
82        <service
82-->[:react-native-firebase_messaging] AndroidManifest.xml:17:9-23:19
83            android:name="io.invertase.firebase.messaging.ReactNativeFirebaseMessagingService"
83-->[:react-native-firebase_messaging] AndroidManifest.xml:18:13-95
84            android:exported="false" >
84-->[:react-native-firebase_messaging] AndroidManifest.xml:19:13-37
85            <intent-filter>
85-->[:react-native-firebase_messaging] AndroidManifest.xml:20:13-22:29
86                <action android:name="com.google.firebase.MESSAGING_EVENT" />
86-->[:react-native-firebase_messaging] AndroidManifest.xml:21:17-78
86-->[:react-native-firebase_messaging] AndroidManifest.xml:21:25-75
87            </intent-filter>
88        </service>
89
90        <receiver
90-->[:react-native-firebase_messaging] AndroidManifest.xml:25:9-32:20
91            android:name="io.invertase.firebase.messaging.ReactNativeFirebaseMessagingReceiver"
91-->[:react-native-firebase_messaging] AndroidManifest.xml:26:13-96
92            android:exported="true"
92-->[:react-native-firebase_messaging] AndroidManifest.xml:27:13-36
93            android:permission="com.google.android.c2dm.permission.SEND" >
93-->[:react-native-firebase_messaging] AndroidManifest.xml:28:13-73
94            <intent-filter>
94-->[:react-native-firebase_messaging] AndroidManifest.xml:29:13-31:29
95                <action android:name="com.google.android.c2dm.intent.RECEIVE" />
95-->[:react-native-firebase_messaging] AndroidManifest.xml:30:17-81
95-->[:react-native-firebase_messaging] AndroidManifest.xml:30:25-78
96            </intent-filter>
97        </receiver>
98
99        <meta-data
99-->[:react-native-firebase_messaging] AndroidManifest.xml:34:9-36:36
100            android:name="firebase_messaging_auto_init_enabled"
100-->[:react-native-firebase_messaging] AndroidManifest.xml:35:13-64
101            android:value="true" />
101-->[:react-native-firebase_messaging] AndroidManifest.xml:36:13-33
102        <meta-data
102-->[:react-native-firebase_messaging] AndroidManifest.xml:37:9-39:32
103            android:name="com.google.firebase.messaging.default_notification_channel_id"
103-->[:react-native-firebase_messaging] AndroidManifest.xml:38:13-89
104            android:value="" />
104-->[:react-native-firebase_messaging] AndroidManifest.xml:39:13-29
105        <meta-data
105-->[:react-native-firebase_messaging] AndroidManifest.xml:40:9-42:47
106            android:name="com.google.firebase.messaging.default_notification_color"
106-->[:react-native-firebase_messaging] AndroidManifest.xml:41:13-84
107            android:resource="@color/white" />
107-->[:react-native-firebase_messaging] AndroidManifest.xml:42:13-44
108        <meta-data
108-->[:react-native-firebase_app] AndroidManifest.xml:11:9-13:36
109            android:name="app_data_collection_default_enabled"
109-->[:react-native-firebase_app] AndroidManifest.xml:12:13-63
110            android:value="true" />
110-->[:react-native-firebase_app] AndroidManifest.xml:13:13-33
111
112        <service
112-->[:react-native-firebase_app] AndroidManifest.xml:15:9-23:19
113            android:name="com.google.firebase.components.ComponentDiscoveryService"
113-->[:react-native-firebase_app] AndroidManifest.xml:16:13-84
114            android:directBootAware="true"
114-->[:react-native-firebase_app] AndroidManifest.xml:17:13-43
115            android:exported="false" >
115-->[:react-native-firebase_app] AndroidManifest.xml:18:13-37
116            <meta-data
116-->[:react-native-firebase_app] AndroidManifest.xml:20:13-22:85
117                android:name="com.google.firebase.components:io.invertase.firebase.app.ReactNativeFirebaseAppRegistrar"
117-->[:react-native-firebase_app] AndroidManifest.xml:21:17-120
118                android:value="com.google.firebase.components.ComponentRegistrar" />
118-->[:react-native-firebase_app] AndroidManifest.xml:22:17-82
119            <meta-data
119-->[com.google.firebase:firebase-messaging:23.3.0] AndroidManifest.xml:53:13-55:85
120                android:name="com.google.firebase.components:com.google.firebase.messaging.FirebaseMessagingKtxRegistrar"
120-->[com.google.firebase:firebase-messaging:23.3.0] AndroidManifest.xml:54:17-122
121                android:value="com.google.firebase.components.ComponentRegistrar" />
121-->[com.google.firebase:firebase-messaging:23.3.0] AndroidManifest.xml:55:17-82
122            <meta-data
122-->[com.google.firebase:firebase-messaging:23.3.0] AndroidManifest.xml:56:13-58:85
123                android:name="com.google.firebase.components:com.google.firebase.messaging.FirebaseMessagingRegistrar"
123-->[com.google.firebase:firebase-messaging:23.3.0] AndroidManifest.xml:57:17-119
124                android:value="com.google.firebase.components.ComponentRegistrar" />
124-->[com.google.firebase:firebase-messaging:23.3.0] AndroidManifest.xml:58:17-82
125            <meta-data
125-->[com.google.firebase:firebase-datatransport:18.1.7] AndroidManifest.xml:27:13-29:85
126                android:name="com.google.firebase.components:com.google.firebase.datatransport.TransportRegistrar"
126-->[com.google.firebase:firebase-datatransport:18.1.7] AndroidManifest.xml:28:17-115
127                android:value="com.google.firebase.components.ComponentRegistrar" />
127-->[com.google.firebase:firebase-datatransport:18.1.7] AndroidManifest.xml:29:17-82
128            <meta-data
128-->[com.google.android.gms:play-services-measurement-api:21.4.0] AndroidManifest.xml:31:13-33:85
129                android:name="com.google.firebase.components:com.google.firebase.analytics.connector.internal.AnalyticsConnectorRegistrar"
129-->[com.google.android.gms:play-services-measurement-api:21.4.0] AndroidManifest.xml:32:17-139
130                android:value="com.google.firebase.components.ComponentRegistrar" />
130-->[com.google.android.gms:play-services-measurement-api:21.4.0] AndroidManifest.xml:33:17-82
131            <meta-data
131-->[com.google.firebase:firebase-storage:20.3.0] AndroidManifest.xml:30:13-32:85
132                android:name="com.google.firebase.components:com.google.firebase.storage.FirebaseStorageKtxRegistrar"
132-->[com.google.firebase:firebase-storage:20.3.0] AndroidManifest.xml:31:17-118
133                android:value="com.google.firebase.components.ComponentRegistrar" />
133-->[com.google.firebase:firebase-storage:20.3.0] AndroidManifest.xml:32:17-82
134            <meta-data
134-->[com.google.firebase:firebase-storage:20.3.0] AndroidManifest.xml:33:13-35:85
135                android:name="com.google.firebase.components:com.google.firebase.storage.StorageRegistrar"
135-->[com.google.firebase:firebase-storage:20.3.0] AndroidManifest.xml:34:17-107
136                android:value="com.google.firebase.components.ComponentRegistrar" />
136-->[com.google.firebase:firebase-storage:20.3.0] AndroidManifest.xml:35:17-82
137            <meta-data
137-->[com.google.firebase:firebase-installations:17.2.0] AndroidManifest.xml:15:13-17:85
138                android:name="com.google.firebase.components:com.google.firebase.installations.FirebaseInstallationsKtxRegistrar"
138-->[com.google.firebase:firebase-installations:17.2.0] AndroidManifest.xml:16:17-130
139                android:value="com.google.firebase.components.ComponentRegistrar" />
139-->[com.google.firebase:firebase-installations:17.2.0] AndroidManifest.xml:17:17-82
140            <meta-data
140-->[com.google.firebase:firebase-installations:17.2.0] AndroidManifest.xml:18:13-20:85
141                android:name="com.google.firebase.components:com.google.firebase.installations.FirebaseInstallationsRegistrar"
141-->[com.google.firebase:firebase-installations:17.2.0] AndroidManifest.xml:19:17-127
142                android:value="com.google.firebase.components.ComponentRegistrar" />
142-->[com.google.firebase:firebase-installations:17.2.0] AndroidManifest.xml:20:17-82
143            <meta-data
143-->[com.google.firebase:firebase-appcheck:17.1.0] AndroidManifest.xml:25:13-27:85
144                android:name="com.google.firebase.components:com.google.firebase.appcheck.FirebaseAppCheckKtxRegistrar"
144-->[com.google.firebase:firebase-appcheck:17.1.0] AndroidManifest.xml:26:17-120
145                android:value="com.google.firebase.components.ComponentRegistrar" />
145-->[com.google.firebase:firebase-appcheck:17.1.0] AndroidManifest.xml:27:17-82
146            <meta-data
146-->[com.google.firebase:firebase-appcheck:17.1.0] AndroidManifest.xml:28:13-30:85
147                android:name="com.google.firebase.components:com.google.firebase.appcheck.FirebaseAppCheckRegistrar"
147-->[com.google.firebase:firebase-appcheck:17.1.0] AndroidManifest.xml:29:17-117
148                android:value="com.google.firebase.components.ComponentRegistrar" />
148-->[com.google.firebase:firebase-appcheck:17.1.0] AndroidManifest.xml:30:17-82
149            <meta-data
149-->[com.google.firebase:firebase-common-ktx:20.4.2] AndroidManifest.xml:12:13-14:85
150                android:name="com.google.firebase.components:com.google.firebase.ktx.FirebaseCommonLegacyRegistrar"
150-->[com.google.firebase:firebase-common-ktx:20.4.2] AndroidManifest.xml:13:17-116
151                android:value="com.google.firebase.components.ComponentRegistrar" />
151-->[com.google.firebase:firebase-common-ktx:20.4.2] AndroidManifest.xml:14:17-82
152            <meta-data
152-->[com.google.firebase:firebase-common:20.4.2] AndroidManifest.xml:35:13-37:85
153                android:name="com.google.firebase.components:com.google.firebase.FirebaseCommonKtxRegistrar"
153-->[com.google.firebase:firebase-common:20.4.2] AndroidManifest.xml:36:17-109
154                android:value="com.google.firebase.components.ComponentRegistrar" />
154-->[com.google.firebase:firebase-common:20.4.2] AndroidManifest.xml:37:17-82
155        </service>
156
157        <provider
157-->[:react-native-firebase_app] AndroidManifest.xml:25:9-29:38
158            android:name="io.invertase.firebase.app.ReactNativeFirebaseAppInitProvider"
158-->[:react-native-firebase_app] AndroidManifest.xml:26:13-88
159            android:authorities="com.farmer.farmfit.reactnativefirebaseappinitprovider"
159-->[:react-native-firebase_app] AndroidManifest.xml:27:13-86
160            android:exported="false"
160-->[:react-native-firebase_app] AndroidManifest.xml:28:13-37
161            android:initOrder="99" />
161-->[:react-native-firebase_app] AndroidManifest.xml:29:13-35
162
163        <receiver
163-->[com.google.firebase:firebase-messaging:23.3.0] AndroidManifest.xml:29:9-36:20
164            android:name="com.google.firebase.iid.FirebaseInstanceIdReceiver"
164-->[com.google.firebase:firebase-messaging:23.3.0] AndroidManifest.xml:30:13-78
165            android:exported="true"
165-->[com.google.firebase:firebase-messaging:23.3.0] AndroidManifest.xml:31:13-36
166            android:permission="com.google.android.c2dm.permission.SEND" >
166-->[com.google.firebase:firebase-messaging:23.3.0] AndroidManifest.xml:32:13-73
167            <intent-filter>
167-->[:react-native-firebase_messaging] AndroidManifest.xml:29:13-31:29
168                <action android:name="com.google.android.c2dm.intent.RECEIVE" />
168-->[:react-native-firebase_messaging] AndroidManifest.xml:30:17-81
168-->[:react-native-firebase_messaging] AndroidManifest.xml:30:25-78
169            </intent-filter>
170        </receiver>
171        <!--
172             FirebaseMessagingService performs security checks at runtime,
173             but set to not exported to explicitly avoid allowing another app to call it.
174        -->
175        <service
175-->[com.google.firebase:firebase-messaging:23.3.0] AndroidManifest.xml:42:9-49:19
176            android:name="com.google.firebase.messaging.FirebaseMessagingService"
176-->[com.google.firebase:firebase-messaging:23.3.0] AndroidManifest.xml:43:13-82
177            android:directBootAware="true"
177-->[com.google.firebase:firebase-messaging:23.3.0] AndroidManifest.xml:44:13-43
178            android:exported="false" >
178-->[com.google.firebase:firebase-messaging:23.3.0] AndroidManifest.xml:45:13-37
179            <intent-filter android:priority="-500" >
179-->[:react-native-firebase_messaging] AndroidManifest.xml:20:13-22:29
180                <action android:name="com.google.firebase.MESSAGING_EVENT" />
180-->[:react-native-firebase_messaging] AndroidManifest.xml:21:17-78
180-->[:react-native-firebase_messaging] AndroidManifest.xml:21:25-75
181            </intent-filter>
182        </service>
183
184        <provider
184-->[:react-native-image-picker] AndroidManifest.xml:10:9-18:20
185            android:name="com.imagepicker.ImagePickerProvider"
185-->[:react-native-image-picker] AndroidManifest.xml:11:13-63
186            android:authorities="com.farmer.farmfit.imagepickerprovider"
186-->[:react-native-image-picker] AndroidManifest.xml:12:13-71
187            android:exported="false"
187-->[:react-native-image-picker] AndroidManifest.xml:13:13-37
188            android:grantUriPermissions="true" >
188-->[:react-native-image-picker] AndroidManifest.xml:14:13-47
189            <meta-data
189-->[:react-native-image-picker] AndroidManifest.xml:15:13-17:70
190                android:name="android.support.FILE_PROVIDER_PATHS"
190-->[:react-native-image-picker] AndroidManifest.xml:16:17-67
191                android:resource="@xml/imagepicker_provider_paths" />
191-->[:react-native-image-picker] AndroidManifest.xml:17:17-67
192        </provider>
193        <provider
193-->[:react-native-share] AndroidManifest.xml:10:9-18:20
194            android:name="cl.json.RNShareFileProvider"
194-->[:react-native-share] AndroidManifest.xml:11:13-55
195            android:authorities="com.farmer.farmfit.rnshare.fileprovider"
195-->[:react-native-share] AndroidManifest.xml:12:13-72
196            android:exported="false"
196-->[:react-native-share] AndroidManifest.xml:13:13-37
197            android:grantUriPermissions="true" >
197-->[:react-native-share] AndroidManifest.xml:14:13-47
198            <meta-data
198-->[:react-native-image-picker] AndroidManifest.xml:15:13-17:70
199                android:name="android.support.FILE_PROVIDER_PATHS"
199-->[:react-native-image-picker] AndroidManifest.xml:16:17-67
200                android:resource="@xml/share_download_paths" />
200-->[:react-native-image-picker] AndroidManifest.xml:17:17-67
201        </provider>
202        <provider
202-->[androidx.work:work-runtime:2.7.1] AndroidManifest.xml:31:9-39:20
203            android:name="androidx.startup.InitializationProvider"
203-->[androidx.work:work-runtime:2.7.1] AndroidManifest.xml:32:13-67
204            android:authorities="com.farmer.farmfit.androidx-startup"
204-->[androidx.work:work-runtime:2.7.1] AndroidManifest.xml:33:13-68
205            android:exported="false" >
205-->[androidx.work:work-runtime:2.7.1] AndroidManifest.xml:34:13-37
206            <meta-data
206-->[androidx.work:work-runtime:2.7.1] AndroidManifest.xml:36:13-38:52
207                android:name="androidx.work.WorkManagerInitializer"
207-->[androidx.work:work-runtime:2.7.1] AndroidManifest.xml:37:17-68
208                android:value="androidx.startup" />
208-->[androidx.work:work-runtime:2.7.1] AndroidManifest.xml:38:17-49
209            <meta-data
209-->[androidx.emoji2:emoji2:1.2.0] AndroidManifest.xml:29:13-31:52
210                android:name="androidx.emoji2.text.EmojiCompatInitializer"
210-->[androidx.emoji2:emoji2:1.2.0] AndroidManifest.xml:30:17-75
211                android:value="androidx.startup" />
211-->[androidx.emoji2:emoji2:1.2.0] AndroidManifest.xml:31:17-49
212            <meta-data
212-->[androidx.lifecycle:lifecycle-process:2.4.1] AndroidManifest.xml:31:13-33:52
213                android:name="androidx.lifecycle.ProcessLifecycleInitializer"
213-->[androidx.lifecycle:lifecycle-process:2.4.1] AndroidManifest.xml:32:17-78
214                android:value="androidx.startup" />
214-->[androidx.lifecycle:lifecycle-process:2.4.1] AndroidManifest.xml:33:17-49
215        </provider>
216
217        <service
217-->[androidx.work:work-runtime:2.7.1] AndroidManifest.xml:41:9-46:35
218            android:name="androidx.work.impl.background.systemalarm.SystemAlarmService"
218-->[androidx.work:work-runtime:2.7.1] AndroidManifest.xml:42:13-88
219            android:directBootAware="false"
219-->[androidx.work:work-runtime:2.7.1] AndroidManifest.xml:43:13-44
220            android:enabled="@bool/enable_system_alarm_service_default"
220-->[androidx.work:work-runtime:2.7.1] AndroidManifest.xml:44:13-72
221            android:exported="false" />
221-->[androidx.work:work-runtime:2.7.1] AndroidManifest.xml:45:13-37
222        <service
222-->[androidx.work:work-runtime:2.7.1] AndroidManifest.xml:47:9-53:35
223            android:name="androidx.work.impl.background.systemjob.SystemJobService"
223-->[androidx.work:work-runtime:2.7.1] AndroidManifest.xml:48:13-84
224            android:directBootAware="false"
224-->[androidx.work:work-runtime:2.7.1] AndroidManifest.xml:49:13-44
225            android:enabled="@bool/enable_system_job_service_default"
225-->[androidx.work:work-runtime:2.7.1] AndroidManifest.xml:50:13-70
226            android:exported="true"
226-->[androidx.work:work-runtime:2.7.1] AndroidManifest.xml:51:13-36
227            android:permission="android.permission.BIND_JOB_SERVICE" />
227-->[androidx.work:work-runtime:2.7.1] AndroidManifest.xml:52:13-69
228        <service
228-->[androidx.work:work-runtime:2.7.1] AndroidManifest.xml:54:9-59:35
229            android:name="androidx.work.impl.foreground.SystemForegroundService"
229-->[androidx.work:work-runtime:2.7.1] AndroidManifest.xml:55:13-81
230            android:directBootAware="false"
230-->[androidx.work:work-runtime:2.7.1] AndroidManifest.xml:56:13-44
231            android:enabled="@bool/enable_system_foreground_service_default"
231-->[androidx.work:work-runtime:2.7.1] AndroidManifest.xml:57:13-77
232            android:exported="false" />
232-->[androidx.work:work-runtime:2.7.1] AndroidManifest.xml:58:13-37
233
234        <receiver
234-->[androidx.work:work-runtime:2.7.1] AndroidManifest.xml:61:9-66:35
235            android:name="androidx.work.impl.utils.ForceStopRunnable$BroadcastReceiver"
235-->[androidx.work:work-runtime:2.7.1] AndroidManifest.xml:62:13-88
236            android:directBootAware="false"
236-->[androidx.work:work-runtime:2.7.1] AndroidManifest.xml:63:13-44
237            android:enabled="true"
237-->[androidx.work:work-runtime:2.7.1] AndroidManifest.xml:64:13-35
238            android:exported="false" />
238-->[androidx.work:work-runtime:2.7.1] AndroidManifest.xml:65:13-37
239        <receiver
239-->[androidx.work:work-runtime:2.7.1] AndroidManifest.xml:67:9-77:20
240            android:name="androidx.work.impl.background.systemalarm.ConstraintProxy$BatteryChargingProxy"
240-->[androidx.work:work-runtime:2.7.1] AndroidManifest.xml:68:13-106
241            android:directBootAware="false"
241-->[androidx.work:work-runtime:2.7.1] AndroidManifest.xml:69:13-44
242            android:enabled="false"
242-->[androidx.work:work-runtime:2.7.1] AndroidManifest.xml:70:13-36
243            android:exported="false" >
243-->[androidx.work:work-runtime:2.7.1] AndroidManifest.xml:71:13-37
244            <intent-filter>
244-->[androidx.work:work-runtime:2.7.1] AndroidManifest.xml:73:13-76:29
245                <action android:name="android.intent.action.ACTION_POWER_CONNECTED" />
245-->[androidx.work:work-runtime:2.7.1] AndroidManifest.xml:74:17-87
245-->[androidx.work:work-runtime:2.7.1] AndroidManifest.xml:74:25-84
246                <action android:name="android.intent.action.ACTION_POWER_DISCONNECTED" />
246-->[androidx.work:work-runtime:2.7.1] AndroidManifest.xml:75:17-90
246-->[androidx.work:work-runtime:2.7.1] AndroidManifest.xml:75:25-87
247            </intent-filter>
248        </receiver>
249        <receiver
249-->[androidx.work:work-runtime:2.7.1] AndroidManifest.xml:78:9-88:20
250            android:name="androidx.work.impl.background.systemalarm.ConstraintProxy$BatteryNotLowProxy"
250-->[androidx.work:work-runtime:2.7.1] AndroidManifest.xml:79:13-104
251            android:directBootAware="false"
251-->[androidx.work:work-runtime:2.7.1] AndroidManifest.xml:80:13-44
252            android:enabled="false"
252-->[androidx.work:work-runtime:2.7.1] AndroidManifest.xml:81:13-36
253            android:exported="false" >
253-->[androidx.work:work-runtime:2.7.1] AndroidManifest.xml:82:13-37
254            <intent-filter>
254-->[androidx.work:work-runtime:2.7.1] AndroidManifest.xml:84:13-87:29
255                <action android:name="android.intent.action.BATTERY_OKAY" />
255-->[androidx.work:work-runtime:2.7.1] AndroidManifest.xml:85:17-77
255-->[androidx.work:work-runtime:2.7.1] AndroidManifest.xml:85:25-74
256                <action android:name="android.intent.action.BATTERY_LOW" />
256-->[androidx.work:work-runtime:2.7.1] AndroidManifest.xml:86:17-76
256-->[androidx.work:work-runtime:2.7.1] AndroidManifest.xml:86:25-73
257            </intent-filter>
258        </receiver>
259        <receiver
259-->[androidx.work:work-runtime:2.7.1] AndroidManifest.xml:89:9-99:20
260            android:name="androidx.work.impl.background.systemalarm.ConstraintProxy$StorageNotLowProxy"
260-->[androidx.work:work-runtime:2.7.1] AndroidManifest.xml:90:13-104
261            android:directBootAware="false"
261-->[androidx.work:work-runtime:2.7.1] AndroidManifest.xml:91:13-44
262            android:enabled="false"
262-->[androidx.work:work-runtime:2.7.1] AndroidManifest.xml:92:13-36
263            android:exported="false" >
263-->[androidx.work:work-runtime:2.7.1] AndroidManifest.xml:93:13-37
264            <intent-filter>
264-->[androidx.work:work-runtime:2.7.1] AndroidManifest.xml:95:13-98:29
265                <action android:name="android.intent.action.DEVICE_STORAGE_LOW" />